[2023-11-21 20:34:51] local.ALERT: array (
  0 => '2010-2012',
  1 => 'BUICK',
  2 => 'ALLURE',
)  
[2023-11-21 20:34:51] local.ALERT: array (
  0 => '2010-2012',
  1 => 'BUICK',
  2 => 'ALLURE',
)  
[2023-11-21 20:34:51] local.ALERT: array (
  0 => '2014-2021',
  1 => 'BUICK',
  2 => 'ENCORE',
)  
[2023-11-21 20:34:51] local.ALERT: array (
  0 => '2014-2021',
  1 => 'BUICK',
  2 => 'ENCORE',
)  
[2023-11-21 20:34:51] local.ALERT: array (
  0 => '2010-2016',
  1 => 'BUICK',
  2 => 'LACROSSE',
)  
[2023-11-21 20:34:51] local.ALERT: array (
  0 => '2010-2016',
  1 => 'BUICK',
  2 => 'LACROSSE',
)  
[2023-11-21 20:34:51] local.ALERT: array (
  0 => '2011-2017',
  1 => 'BUICK',
  2 => 'REGAL',
)  
[2023-11-21 20:34:51] local.ALERT: array (
  0 => '2011-2017',
  1 => 'BUICK',
  2 => 'REGAL',
)  
[2023-11-21 20:34:51] local.ALERT: array (
  0 => '2012-2017',
  1 => 'BUICK',
  2 => 'VERANO',
)  
[2023-11-21 20:36:06] local.ALERT: array (
  0 => '2010-2012',
  1 => 'BUICK',
  2 => 'ALLURE',
)  
[2023-11-21 20:36:06] local.ALERT: array (
  0 => '2010-2012',
  1 => 'BUICK',
  2 => 'ALLURE',
)  
[2023-11-21 20:36:06] local.ALERT: array (
  0 => '2014-2021',
  1 => 'BUICK',
  2 => 'ENCORE',
)  
[2023-11-21 20:36:06] local.ALERT: array (
  0 => '2014-2021',
  1 => 'BUICK',
  2 => 'ENCORE',
)  
[2023-11-21 20:36:06] local.ALERT: array (
  0 => '2010-2016',
  1 => 'BUICK',
  2 => 'LACROSSE',
)  
[2023-11-21 20:36:06] local.ALERT: array (
  0 => '2010-2016',
  1 => 'BUICK',
  2 => 'LACROSSE',
)  
[2023-11-21 20:36:06] local.ALERT: array (
  0 => '2011-2017',
  1 => 'BUICK',
  2 => 'REGAL',
)  
[2023-11-21 20:36:06] local.ALERT: array (
  0 => '2011-2017',
  1 => 'BUICK',
  2 => 'REGAL',
)  
[2023-11-21 20:36:06] local.ALERT: array (
  0 => '2012-2017',
  1 => 'BUICK',
  2 => 'VERANO',
)  
[2023-11-21 20:37:22] local.ALERT: array (
  0 => '2010-2012',
  1 => 'BUICK',
  2 => 'ALLURE',
)  
[2023-11-21 20:37:22] local.ALERT: array (
  0 => '2010-2012',
  1 => 'BUICK',
  2 => 'ALLURE',
)  
[2023-11-21 20:37:22] local.ALERT: array (
  0 => '2014-2021',
  1 => 'BUICK',
  2 => 'ENCORE',
)  
[2023-11-21 20:37:22] local.ALERT: array (
  0 => '2014-2021',
  1 => 'BUICK',
  2 => 'ENCORE',
)  
[2023-11-21 20:37:22] local.ALERT: array (
  0 => '2010-2016',
  1 => 'BUICK',
  2 => 'LACROSSE',
)  
[2023-11-21 20:37:22] local.ALERT: array (
  0 => '2010-2016',
  1 => 'BUICK',
  2 => 'LACROSSE',
)  
[2023-11-21 20:37:22] local.ALERT: array (
  0 => '2011-2017',
  1 => 'BUICK',
  2 => 'REGAL',
)  
[2023-11-21 20:37:22] local.ALERT: array (
  0 => '2011-2017',
  1 => 'BUICK',
  2 => 'REGAL',
)  
[2023-11-21 20:37:22] local.ALERT: array (
  0 => '2012-2017',
  1 => 'BUICK',
  2 => 'VERANO',
)  
[2023-11-21 20:39:16] local.ALERT: array (
  0 => '2010-2012',
  1 => 'BUICK',
  2 => 'ALLURE',
)  
[2023-11-21 20:39:16] local.ALERT: array (
  0 => '2010-2012',
  1 => 'BUICK',
  2 => 'ALLURE',
)  
[2023-11-21 20:39:16] local.ALERT: array (
  0 => '2014-2021',
  1 => 'BUICK',
  2 => 'ENCORE',
)  
[2023-11-21 20:39:16] local.ALERT: array (
  0 => '2014-2021',
  1 => 'BUICK',
  2 => 'ENCORE',
)  
[2023-11-21 20:39:16] local.ALERT: array (
  0 => '2010-2016',
  1 => 'BUICK',
  2 => 'LACROSSE',
)  
[2023-11-21 20:39:16] local.ALERT: array (
  0 => '2010-2016',
  1 => 'BUICK',
  2 => 'LACROSSE',
)  
[2023-11-21 20:39:16] local.ALERT: array (
  0 => '2011-2017',
  1 => 'BUICK',
  2 => 'REGAL',
)  
[2023-11-21 20:39:16] local.ALERT: array (
  0 => '2011-2017',
  1 => 'BUICK',
  2 => 'REGAL',
)  
[2023-11-21 20:39:16] local.ALERT: array (
  0 => '2012-2017',
  1 => 'BUICK',
  2 => 'VERANO',
)  
[2023-11-21 20:41:12] local.ALERT: array (
  0 => '2010-2012',
  1 => 'BUICK',
  2 => 'ALLURE',
)  
[2023-11-21 20:41:12] local.ALERT: array (
  0 => '2010-2012',
  1 => 'BUICK',
  2 => 'ALLURE',
)  
[2023-11-21 20:41:12] local.ALERT: array (
  0 => '2014-2021',
  1 => 'BUICK',
  2 => 'ENCORE',
)  
[2023-11-21 20:41:12] local.ALERT: array (
  0 => '2014-2021',
  1 => 'BUICK',
  2 => 'ENCORE',
)  
[2023-11-21 20:41:12] local.ALERT: array (
  0 => '2010-2016',
  1 => 'BUICK',
  2 => 'LACROSSE',
)  
[2023-11-21 20:41:12] local.ALERT: array (
  0 => '2010-2016',
  1 => 'BUICK',
  2 => 'LACROSSE',
)  
[2023-11-21 20:41:12] local.ALERT: array (
  0 => '2011-2017',
  1 => 'BUICK',
  2 => 'REGAL',
)  
[2023-11-21 20:41:12] local.ALERT: array (
  0 => '2011-2017',
  1 => 'BUICK',
  2 => 'REGAL',
)  
[2023-11-21 20:41:12] local.ALERT: array (
  0 => '2012-2017',
  1 => 'BUICK',
  2 => 'VERANO',
)  
[2023-11-21 20:41:36] local.ALERT: array (
  0 => '2014',
  1 => '-',
  2 => '2018',
  3 => 'Buick',
  4 => 'Encore',
)  
[2023-11-21 20:41:36] local.ALERT: array (
  0 => '2010',
  1 => '-',
  2 => '2019',
  3 => 'GMC',
  4 => 'Terrain',
)  
[2023-11-21 20:41:36] local.ALERT: array (
  0 => '2010',
  1 => '-',
  2 => '2019',
  3 => 'Chevrolet',
  4 => 'Equinox',
)  
[2023-11-21 20:41:36] local.ALERT: array (
  0 => '2012',
  1 => '-',
  2 => '2017',
  3 => 'Chevrolet',
  4 => 'Sonic',
)  
[2023-11-21 20:41:36] local.ALERT: array (
  0 => '2016',
  1 => '-',
  2 => '2017',
  3 => 'Chevrolet',
  4 => 'Spark',
)  
[2023-11-21 20:41:36] local.ALERT: array (
  0 => '2015',
  1 => '-',
  2 => '2018',
  3 => 'Chevrolet',
  4 => 'Trax',
)  
[2023-11-21 20:42:50] local.ALERT: array (
  0 => '2014',
  1 => '-',
  2 => '2018',
  3 => 'Buick',
  4 => 'Encore',
)  
[2023-11-21 20:42:50] local.ALERT: array (
  0 => '2010',
  1 => '-',
  2 => '2019',
  3 => 'GMC',
  4 => 'Terrain',
)  
[2023-11-21 20:42:50] local.ALERT: array (
  0 => '2010',
  1 => '-',
  2 => '2019',
  3 => 'Chevrolet',
  4 => 'Equinox',
)  
[2023-11-21 20:42:50] local.ALERT: array (
  0 => '2012',
  1 => '-',
  2 => '2017',
  3 => 'Chevrolet',
  4 => 'Sonic',
)  
[2023-11-21 20:42:50] local.ALERT: array (
  0 => '2016',
  1 => '-',
  2 => '2017',
  3 => 'Chevrolet',
  4 => 'Spark',
)  
[2023-11-21 20:42:50] local.ALERT: array (
  0 => '2015',
  1 => '-',
  2 => '2018',
  3 => 'Chevrolet',
  4 => 'Trax',
)  
[2023-11-21 20:44:07] local.ALERT: array (
  0 => '2014',
  1 => '-',
  2 => '2018',
  3 => 'Buick',
  4 => 'Encore',
)  
[2023-11-21 20:44:07] local.ALERT: array (
  0 => '2010',
  1 => '-',
  2 => '2019',
  3 => 'GMC',
  4 => 'Terrain',
)  
[2023-11-21 20:44:07] local.ALERT: array (
  0 => '2010',
  1 => '-',
  2 => '2019',
  3 => 'Chevrolet',
  4 => 'Equinox',
)  
[2023-11-21 20:44:07] local.ALERT: array (
  0 => '2012',
  1 => '-',
  2 => '2017',
  3 => 'Chevrolet',
  4 => 'Sonic',
)  
[2023-11-21 20:44:07] local.ALERT: array (
  0 => '2016',
  1 => '-',
  2 => '2017',
  3 => 'Chevrolet',
  4 => 'Spark',
)  
[2023-11-21 20:44:07] local.ALERT: array (
  0 => '2015',
  1 => '-',
  2 => '2018',
  3 => 'Chevrolet',
  4 => 'Trax',
)  
[2023-11-21 20:45:08] local.ALERT: array (
  0 => '2011',
  1 => '–',
  2 => '2016',
  3 => 'Chevrolet',
  4 => 'Cruze*',
)  
[2023-11-21 20:45:08] local.ALERT: array (
  0 => '2010',
  1 => '–',
  2 => '2019',
  3 => 'Chevrolet',
  4 => 'Equinox',
)  
[2023-11-21 20:45:08] local.ALERT: array (
  0 => '2014',
  1 => '–',
  2 => '2019',
  3 => 'Chevrolet',
  4 => 'Impala',
)  
[2023-11-21 20:45:08] local.ALERT: array (
  0 => '2014',
  1 => '–',
  2 => '2016',
  3 => 'Chevrolet',
  4 => 'Malibu',
)  
[2023-11-21 20:45:08] local.ALERT: array (
  0 => '2012',
  1 => '–',
  2 => '2017',
  3 => 'Chevrolet',
  4 => 'Sonic',
)  
[2023-11-21 20:45:08] local.ALERT: array (
  0 => '2010',
  1 => '–',
  2 => '2019',
  3 => 'GMC',
  4 => 'Terrain',
)  
[2023-11-21 20:45:08] local.ALERT: array (
  0 => '2010',
  1 => '–',
  2 => '2016',
  3 => 'Buick',
  4 => 'LaCrosse',
)  
[2023-11-21 20:45:59] local.ALERT: array (
  0 => '2011',
  1 => '–',
  2 => '2016',
  3 => 'Chevrolet',
  4 => 'Cruze*',
)  
[2023-11-21 20:45:59] local.ALERT: array (
  0 => '2010',
  1 => '–',
  2 => '2019',
  3 => 'Chevrolet',
  4 => 'Equinox',
)  
[2023-11-21 20:45:59] local.ALERT: array (
  0 => '2014',
  1 => '–',
  2 => '2019',
  3 => 'Chevrolet',
  4 => 'Impala',
)  
[2023-11-21 20:45:59] local.ALERT: array (
  0 => '2014',
  1 => '–',
  2 => '2016',
  3 => 'Chevrolet',
  4 => 'Malibu',
)  
[2023-11-21 20:45:59] local.ALERT: array (
  0 => '2012',
  1 => '–',
  2 => '2017',
  3 => 'Chevrolet',
  4 => 'Sonic',
)  
[2023-11-21 20:45:59] local.ALERT: array (
  0 => '2010',
  1 => '–',
  2 => '2019',
  3 => 'GMC',
  4 => 'Terrain',
)  
[2023-11-21 20:45:59] local.ALERT: array (
  0 => '2010',
  1 => '–',
  2 => '2016',
  3 => 'Buick',
  4 => 'LaCrosse',
)  
[2023-11-21 20:47:49] local.ALERT: array (
  0 => '2011',
  1 => '–',
  2 => '2016',
  3 => 'Chevrolet',
  4 => 'Cruze*',
)  
[2023-11-21 20:47:49] local.ALERT: array (
  0 => '2010',
  1 => '–',
  2 => '2019',
  3 => 'Chevrolet',
  4 => 'Equinox',
)  
[2023-11-21 20:47:49] local.ALERT: array (
  0 => '2014',
  1 => '–',
  2 => '2019',
  3 => 'Chevrolet',
  4 => 'Impala',
)  
[2023-11-21 20:47:49] local.ALERT: array (
  0 => '2014',
  1 => '–',
  2 => '2016',
  3 => 'Chevrolet',
  4 => 'Malibu',
)  
[2023-11-21 20:47:49] local.ALERT: array (
  0 => '2012',
  1 => '–',
  2 => '2017',
  3 => 'Chevrolet',
  4 => 'Sonic',
)  
[2023-11-21 20:47:49] local.ALERT: array (
  0 => '2010',
  1 => '–',
  2 => '2019',
  3 => 'GMC',
  4 => 'Terrain',
)  
[2023-11-21 20:47:49] local.ALERT: array (
  0 => '2010',
  1 => '–',
  2 => '2016',
  3 => 'Buick',
  4 => 'LaCrosse',
)  
[2023-11-21 20:52:18] local.ALERT: array (
  0 => '2011',
  1 => '–',
  2 => '2016',
  3 => 'Chevrolet',
  4 => 'Cruze*',
)  
[2023-11-21 20:52:18] local.ALERT: array (
  0 => '2010',
  1 => '–',
  2 => '2019',
  3 => 'Chevrolet',
  4 => 'Equinox',
)  
[2023-11-21 20:52:18] local.ALERT: array (
  0 => '2014',
  1 => '–',
  2 => '2019',
  3 => 'Chevrolet',
  4 => 'Impala',
)  
[2023-11-21 20:52:18] local.ALERT: array (
  0 => '2014',
  1 => '–',
  2 => '2016',
  3 => 'Chevrolet',
  4 => 'Malibu',
)  
[2023-11-21 20:52:18] local.ALERT: array (
  0 => '2012',
  1 => '–',
  2 => '2017',
  3 => 'Chevrolet',
  4 => 'Sonic',
)  
[2023-11-21 20:52:18] local.ALERT: array (
  0 => '2010',
  1 => '–',
  2 => '2019',
  3 => 'GMC',
  4 => 'Terrain',
)  
[2023-11-21 20:52:18] local.ALERT: array (
  0 => '2010',
  1 => '–',
  2 => '2016',
  3 => 'Buick',
  4 => 'LaCrosse',
)  
[2023-11-21 20:52:45] local.ALERT: array (
  0 => '2011',
  1 => '–',
  2 => '2016',
  3 => 'Chevrolet',
  4 => 'Cruze*',
)  
[2023-11-21 20:52:45] local.ALERT: array (
  0 => '2010',
  1 => '–',
  2 => '2019',
  3 => 'Chevrolet',
  4 => 'Equinox',
)  
[2023-11-21 20:52:45] local.ALERT: array (
  0 => '2014',
  1 => '–',
  2 => '2019',
  3 => 'Chevrolet',
  4 => 'Impala',
)  
[2023-11-21 20:52:45] local.ALERT: array (
  0 => '2014',
  1 => '–',
  2 => '2016',
  3 => 'Chevrolet',
  4 => 'Malibu',
)  
[2023-11-21 20:52:45] local.ALERT: array (
  0 => '2012',
  1 => '–',
  2 => '2017',
  3 => 'Chevrolet',
  4 => 'Sonic',
)  
[2023-11-21 20:52:45] local.ALERT: array (
  0 => '2010',
  1 => '–',
  2 => '2019',
  3 => 'GMC',
  4 => 'Terrain',
)  
[2023-11-21 20:52:45] local.ALERT: array (
  0 => '2010',
  1 => '–',
  2 => '2016',
  3 => 'Buick',
  4 => 'LaCrosse',
)  
[2023-11-21 20:52:45] local.ALERT: array (
  0 => '2010',
  1 => '–',
  2 => '2019',
  3 => 'Test',
  4 => 'New',
)  
[2023-11-21 20:55:36] local.ALERT: array (
  0 => '2011',
  1 => '–',
  2 => '2016',
  3 => 'Chevrolet',
  4 => 'Cruze*',
)  
[2023-11-21 20:55:36] local.ALERT: array (
  0 => '2010',
  1 => '–',
  2 => '2019',
  3 => 'Chevrolet',
  4 => 'Equinox',
)  
[2023-11-21 20:55:36] local.ALERT: array (
  0 => '2014',
  1 => '–',
  2 => '2019',
  3 => 'Chevrolet',
  4 => 'Impala',
)  
[2023-11-21 20:55:36] local.ALERT: array (
  0 => '2014',
  1 => '–',
  2 => '2016',
  3 => 'Chevrolet',
  4 => 'Malibu',
)  
[2023-11-21 20:55:36] local.ALERT: array (
  0 => '2012',
  1 => '–',
  2 => '2017',
  3 => 'Chevrolet',
  4 => 'Sonic',
)  
[2023-11-21 20:55:36] local.ALERT: array (
  0 => '2010',
  1 => '–',
  2 => '2019',
  3 => 'GMC',
  4 => 'Terrain',
)  
[2023-11-21 20:55:36] local.ALERT: array (
  0 => '2010',
  1 => '–',
  2 => '2016',
  3 => 'Buick',
  4 => 'LaCrosse',
)  
[2023-11-21 20:56:27] local.ALERT: array (
  0 => '2011',
  1 => '–',
  2 => '2016',
  3 => 'Chevrolet',
  4 => 'Cruze*',
)  
[2023-11-21 20:56:27] local.ALERT: array (
  0 => '2010',
  1 => '–',
  2 => '2019',
  3 => 'Chevrolet',
  4 => 'Equinox',
)  
[2023-11-21 20:56:27] local.ALERT: array (
  0 => '2014',
  1 => '–',
  2 => '2019',
  3 => 'Chevrolet',
  4 => 'Impala',
)  
[2023-11-21 20:56:27] local.ALERT: array (
  0 => '2014',
  1 => '–',
  2 => '2016',
  3 => 'Chevrolet',
  4 => 'Malibu',
)  
[2023-11-21 20:56:27] local.ALERT: array (
  0 => '2012',
  1 => '–',
  2 => '2017',
  3 => 'Chevrolet',
  4 => 'Sonic',
)  
[2023-11-21 20:56:27] local.ALERT: array (
  0 => '2010',
  1 => '–',
  2 => '2019',
  3 => 'GMC',
  4 => 'Terrain',
)  
[2023-11-21 20:56:27] local.ALERT: array (
  0 => '2010',
  1 => '–',
  2 => '2016',
  3 => 'Buick',
  4 => 'LaCrosse',
)  
[2023-11-21 20:57:17] local.ALERT: array (
  0 => '2011',
  1 => '–',
  2 => '2016',
  3 => 'Chevrolet',
  4 => 'Cruze*',
)  
[2023-11-21 20:57:17] local.ALERT: array (
  0 => '2010',
  1 => '–',
  2 => '2019',
  3 => 'Chevrolet',
  4 => 'Equinox',
)  
[2023-11-21 20:57:17] local.ALERT: array (
  0 => '2014',
  1 => '–',
  2 => '2019',
  3 => 'Chevrolet',
  4 => 'Impala',
)  
[2023-11-21 20:57:17] local.ALERT: array (
  0 => '2014',
  1 => '–',
  2 => '2016',
  3 => 'Chevrolet',
  4 => 'Malibu',
)  
[2023-11-21 20:57:17] local.ALERT: array (
  0 => '2012',
  1 => '–',
  2 => '2017',
  3 => 'Chevrolet',
  4 => 'Sonic',
)  
[2023-11-21 20:57:17] local.ALERT: array (
  0 => '2010',
  1 => '–',
  2 => '2019',
  3 => 'GMC',
  4 => 'Terrain',
)  
[2023-11-21 20:57:17] local.ALERT: array (
  0 => '2010',
  1 => '–',
  2 => '2016',
  3 => 'Buick',
  4 => 'LaCrosse',
)  
[2023-11-21 21:15:20] local.ERROR: Attempt to read property "id" on null {"userId":1,"exception":"[object] (ErrorException(code: 0): Attempt to read property \"id\" on null at C:\\xampp\\htdocs\\upwork\\monties\\app\\Http\\Controllers\\PriceManagerController.php:129)
[stacktrace]
#0 C:\\xampp\\htdocs\\upwork\\monties\\vendor\\laravel\\framework\\src\\Illuminate\\Foundation\\Bootstrap\\HandleExceptions.php(254): Illuminate\\Foundation\\Bootstrap\\HandleExceptions->handleError(2, 'Attempt to read...', 'C:\\\\xampp\\\\htdocs...', 129)
#1 C:\\xampp\\htdocs\\upwork\\monties\\app\\Http\\Controllers\\PriceManagerController.php(129): Illuminate\\Foundation\\Bootstrap\\HandleExceptions->Illuminate\\Foundation\\Bootstrap\\{closure}(2, 'Attempt to read...', 'C:\\\\xampp\\\\htdocs...', 129)
#2 C:\\xampp\\htdocs\\upwork\\monties\\vendor\\laravel\\framework\\src\\Illuminate\\Routing\\Controller.php(54): App\\Http\\Controllers\\PriceManagerController->paste(Object(Illuminate\\Http\\Request))
#3 C:\\xampp\\htdocs\\upwork\\monties\\vendor\\laravel\\framework\\src\\Illuminate\\Routing\\ControllerDispatcher.php(43): Illuminate\\Routing\\Controller->callAction('paste', Array)
#4 C:\\xampp\\htdocs\\upwork\\monties\\vendor\\laravel\\framework\\src\\Illuminate\\Routing\\Route.php(260): Illuminate\\Routing\\ControllerDispatcher->dispatch(Object(Illuminate\\Routing\\Route), Object(App\\Http\\Controllers\\PriceManagerController), 'paste')
#5 C:\\xampp\\htdocs\\upwork\\monties\\vendor\\laravel\\framework\\src\\Illuminate\\Routing\\Route.php(205): Illuminate\\Routing\\Route->runController()
#6 C:\\xampp\\htdocs\\upwork\\monties\\vendor\\laravel\\framework\\src\\Illuminate\\Routing\\Router.php(799): Illuminate\\Routing\\Route->run()
#7 C:\\xampp\\htdocs\\upwork\\monties\\vendor\\laravel\\framework\\src\\Illuminate\\Pipeline\\Pipeline.php(141): Illuminate\\Routing\\Router->Illuminate\\Routing\\{closure}(Object(Illuminate\\Http\\Request))
#8 C:\\xampp\\htdocs\\upwork\\monties\\vendor\\laravel\\framework\\src\\Illuminate\\Routing\\Middleware\\SubstituteBindings.php(50): Illuminate\\Pipeline\\Pipeline->Illuminate\\Pipeline\\{closure}(Object(Illuminate\\Http\\Request))
#9 C:\\xampp\\htdocs\\upwork\\monties\\vendor\\laravel\\framework\\src\\Illuminate\\Pipeline\\Pipeline.php(180): Illuminate\\Routing\\Middleware\\SubstituteBindings->handle(Object(Illuminate\\Http\\Request), Object(Closure))
#10 C:\\xampp\\htdocs\\upwork\\monties\\vendor\\laravel\\framework\\src\\Illuminate\\Auth\\Middleware\\Authenticate.php(57): Illuminate\\Pipeline\\Pipeline->Illuminate\\Pipeline\\{closure}(Object(Illuminate\\Http\\Request))
#11 C:\\xampp\\htdocs\\upwork\\monties\\vendor\\laravel\\framework\\src\\Illuminate\\Pipeline\\Pipeline.php(180): Illuminate\\Auth\\Middleware\\Authenticate->handle(Object(Illuminate\\Http\\Request), Object(Closure))
#12 C:\\xampp\\htdocs\\upwork\\monties\\vendor\\laravel\\framework\\src\\Illuminate\\Foundation\\Http\\Middleware\\VerifyCsrfToken.php(78): Illuminate\\Pipeline\\Pipeline->Illuminate\\Pipeline\\{closure}(Object(Illuminate\\Http\\Request))
#13 C:\\xampp\\htdocs\\upwork\\monties\\vendor\\laravel\\framework\\src\\Illuminate\\Pipeline\\Pipeline.php(180): Illuminate\\Foundation\\Http\\Middleware\\VerifyCsrfToken->handle(Object(Illuminate\\Http\\Request), Object(Closure))
#14 C:\\xampp\\htdocs\\upwork\\monties\\vendor\\laravel\\framework\\src\\Illuminate\\View\\Middleware\\ShareErrorsFromSession.php(49): Illuminate\\Pipeline\\Pipeline->Illuminate\\Pipeline\\{closure}(Object(Illuminate\\Http\\Request))
#15 C:\\xampp\\htdocs\\upwork\\monties\\vendor\\laravel\\framework\\src\\Illuminate\\Pipeline\\Pipeline.php(180): Illuminate\\View\\Middleware\\ShareErrorsFromSession->handle(Object(Illuminate\\Http\\Request), Object(Closure))
#16 C:\\xampp\\htdocs\\upwork\\monties\\vendor\\laravel\\framework\\src\\Illuminate\\Session\\Middleware\\StartSession.php(121): Illuminate\\Pipeline\\Pipeline->Illuminate\\Pipeline\\{closure}(Object(Illuminate\\Http\\Request))
#17 C:\\xampp\\htdocs\\upwork\\monties\\vendor\\laravel\\framework\\src\\Illuminate\\Session\\Middleware\\StartSession.php(64): Illuminate\\Session\\Middleware\\StartSession->handleStatefulRequest(Object(Illuminate\\Http\\Request), Object(Illuminate\\Session\\Store), Object(Closure))
#18 C:\\xampp\\htdocs\\upwork\\monties\\vendor\\laravel\\framework\\src\\Illuminate\\Pipeline\\Pipeline.php(180): Illuminate\\Session\\Middleware\\StartSession->handle(Object(Illuminate\\Http\\Request), Object(Closure))
#19 C:\\xampp\\htdocs\\upwork\\monties\\vendor\\laravel\\framework\\src\\Illuminate\\Cookie\\Middleware\\AddQueuedCookiesToResponse.php(37): Illuminate\\Pipeline\\Pipeline->Illuminate\\Pipeline\\{closure}(Object(Illuminate\\Http\\Request))
#20 C:\\xampp\\htdocs\\upwork\\monties\\vendor\\laravel\\framework\\src\\Illuminate\\Pipeline\\Pipeline.php(180): Illuminate\\Cookie\\Middleware\\AddQueuedCookiesToResponse->handle(Object(Illuminate\\Http\\Request), Object(Closure))
#21 C:\\xampp\\htdocs\\upwork\\monties\\vendor\\laravel\\framework\\src\\Illuminate\\Cookie\\Middleware\\EncryptCookies.php(67): Illuminate\\Pipeline\\Pipeline->Illuminate\\Pipeline\\{closure}(Object(Illuminate\\Http\\Request))
#22 C:\\xampp\\htdocs\\upwork\\monties\\vendor\\laravel\\framework\\src\\Illuminate\\Pipeline\\Pipeline.php(180): Illuminate\\Cookie\\Middleware\\EncryptCookies->handle(Object(Illuminate\\Http\\Request), Object(Closure))
#23 C:\\xampp\\htdocs\\upwork\\monties\\vendor\\stancl\\tenancy\\src\\Middleware\\IdentificationMiddleware.php(36): Illuminate\\Pipeline\\Pipeline->Illuminate\\Pipeline\\{closure}(Object(Illuminate\\Http\\Request))
#24 C:\\xampp\\htdocs\\upwork\\monties\\vendor\\stancl\\tenancy\\src\\Middleware\\InitializeTenancyByDomain.php(38): Stancl\\Tenancy\\Middleware\\IdentificationMiddleware->initializeTenancy(Object(Illuminate\\Http\\Request), Object(Closure), 'test.localhost')
#25 C:\\xampp\\htdocs\\upwork\\monties\\vendor\\laravel\\framework\\src\\Illuminate\\Pipeline\\Pipeline.php(180): Stancl\\Tenancy\\Middleware\\InitializeTenancyByDomain->handle(Object(Illuminate\\Http\\Request), Object(Closure))
#26 C:\\xampp\\htdocs\\upwork\\monties\\vendor\\stancl\\tenancy\\src\\Middleware\\PreventAccessFromCentralDomains.php(29): Illuminate\\Pipeline\\Pipeline->Illuminate\\Pipeline\\{closure}(Object(Illuminate\\Http\\Request))
#27 C:\\xampp\\htdocs\\upwork\\monties\\vendor\\laravel\\framework\\src\\Illuminate\\Pipeline\\Pipeline.php(180): Stancl\\Tenancy\\Middleware\\PreventAccessFromCentralDomains->handle(Object(Illuminate\\Http\\Request), Object(Closure))
#28 C:\\xampp\\htdocs\\upwork\\monties\\vendor\\laravel\\framework\\src\\Illuminate\\Pipeline\\Pipeline.php(116): Illuminate\\Pipeline\\Pipeline->Illuminate\\Pipeline\\{closure}(Object(Illuminate\\Http\\Request))
#29 C:\\xampp\\htdocs\\upwork\\monties\\vendor\\laravel\\framework\\src\\Illuminate\\Routing\\Router.php(800): Illuminate\\Pipeline\\Pipeline->then(Object(Closure))
#30 C:\\xampp\\htdocs\\upwork\\monties\\vendor\\laravel\\framework\\src\\Illuminate\\Routing\\Router.php(777): Illuminate\\Routing\\Router->runRouteWithinStack(Object(Illuminate\\Routing\\Route), Object(Illuminate\\Http\\Request))
#31 C:\\xampp\\htdocs\\upwork\\monties\\vendor\\laravel\\framework\\src\\Illuminate\\Routing\\Router.php(741): Illuminate\\Routing\\Router->runRoute(Object(Illuminate\\Http\\Request), Object(Illuminate\\Routing\\Route))
#32 C:\\xampp\\htdocs\\upwork\\monties\\vendor\\laravel\\framework\\src\\Illuminate\\Routing\\Router.php(730): Illuminate\\Routing\\Router->dispatchToRoute(Object(Illuminate\\Http\\Request))
#33 C:\\xampp\\htdocs\\upwork\\monties\\vendor\\laravel\\framework\\src\\Illuminate\\Foundation\\Http\\Kernel.php(200): Illuminate\\Routing\\Router->dispatch(Object(Illuminate\\Http\\Request))
#34 C:\\xampp\\htdocs\\upwork\\monties\\vendor\\laravel\\framework\\src\\Illuminate\\Pipeline\\Pipeline.php(141): Illuminate\\Foundation\\Http\\Kernel->Illuminate\\Foundation\\Http\\{closure}(Object(Illuminate\\Http\\Request))
#35 C:\\xampp\\htdocs\\upwork\\monties\\vendor\\laravel\\framework\\src\\Illuminate\\Foundation\\Http\\Middleware\\TransformsRequest.php(21): Illuminate\\Pipeline\\Pipeline->Illuminate\\Pipeline\\{closure}(Object(Illuminate\\Http\\Request))
#36 C:\\xampp\\htdocs\\upwork\\monties\\vendor\\laravel\\framework\\src\\Illuminate\\Foundation\\Http\\Middleware\\ConvertEmptyStringsToNull.php(31): Illuminate\\Foundation\\Http\\Middleware\\TransformsRequest->handle(Object(Illuminate\\Http\\Request), Object(Closure))
#37 C:\\xampp\\htdocs\\upwork\\monties\\vendor\\laravel\\framework\\src\\Illuminate\\Pipeline\\Pipeline.php(180): Illuminate\\Foundation\\Http\\Middleware\\ConvertEmptyStringsToNull->handle(Object(Illuminate\\Http\\Request), Object(Closure))
#38 C:\\xampp\\htdocs\\upwork\\monties\\vendor\\laravel\\framework\\src\\Illuminate\\Foundation\\Http\\Middleware\\TransformsRequest.php(21): Illuminate\\Pipeline\\Pipeline->Illuminate\\Pipeline\\{closure}(Object(Illuminate\\Http\\Request))
#39 C:\\xampp\\htdocs\\upwork\\monties\\vendor\\laravel\\framework\\src\\Illuminate\\Foundation\\Http\\Middleware\\TrimStrings.php(40): Illuminate\\Foundation\\Http\\Middleware\\TransformsRequest->handle(Object(Illuminate\\Http\\Request), Object(Closure))
#40 C:\\xampp\\htdocs\\upwork\\monties\\vendor\\laravel\\framework\\src\\Illuminate\\Pipeline\\Pipeline.php(180): Illuminate\\Foundation\\Http\\Middleware\\TrimStrings->handle(Object(Illuminate\\Http\\Request), Object(Closure))
#41 C:\\xampp\\htdocs\\upwork\\monties\\vendor\\laravel\\framework\\src\\Illuminate\\Foundation\\Http\\Middleware\\ValidatePostSize.php(27): Illuminate\\Pipeline\\Pipeline->Illuminate\\Pipeline\\{closure}(Object(Illuminate\\Http\\Request))
#42 C:\\xampp\\htdocs\\upwork\\monties\\vendor\\laravel\\framework\\src\\Illuminate\\Pipeline\\Pipeline.php(180): Illuminate\\Foundation\\Http\\Middleware\\ValidatePostSize->handle(Object(Illuminate\\Http\\Request), Object(Closure))
#43 C:\\xampp\\htdocs\\upwork\\monties\\vendor\\laravel\\framework\\src\\Illuminate\\Foundation\\Http\\Middleware\\PreventRequestsDuringMaintenance.php(99): Illuminate\\Pipeline\\Pipeline->Illuminate\\Pipeline\\{closure}(Object(Illuminate\\Http\\Request))
#44 C:\\xampp\\htdocs\\upwork\\monties\\vendor\\laravel\\framework\\src\\Illuminate\\Pipeline\\Pipeline.php(180): Illuminate\\Foundation\\Http\\Middleware\\PreventRequestsDuringMaintenance->handle(Object(Illuminate\\Http\\Request), Object(Closure))
#45 C:\\xampp\\htdocs\\upwork\\monties\\vendor\\laravel\\framework\\src\\Illuminate\\Http\\Middleware\\HandleCors.php(49): Illuminate\\Pipeline\\Pipeline->Illuminate\\Pipeline\\{closure}(Object(Illuminate\\Http\\Request))
#46 C:\\xampp\\htdocs\\upwork\\monties\\vendor\\laravel\\framework\\src\\Illuminate\\Pipeline\\Pipeline.php(180): Illuminate\\Http\\Middleware\\HandleCors->handle(Object(Illuminate\\Http\\Request), Object(Closure))
#47 C:\\xampp\\htdocs\\upwork\\monties\\vendor\\laravel\\framework\\src\\Illuminate\\Http\\Middleware\\TrustProxies.php(39): Illuminate\\Pipeline\\Pipeline->Illuminate\\Pipeline\\{closure}(Object(Illuminate\\Http\\Request))
#48 C:\\xampp\\htdocs\\upwork\\monties\\vendor\\laravel\\framework\\src\\Illuminate\\Pipeline\\Pipeline.php(180): Illuminate\\Http\\Middleware\\TrustProxies->handle(Object(Illuminate\\Http\\Request), Object(Closure))
#49 C:\\xampp\\htdocs\\upwork\\monties\\vendor\\laravel\\framework\\src\\Illuminate\\Pipeline\\Pipeline.php(116): Illuminate\\Pipeline\\Pipeline->Illuminate\\Pipeline\\{closure}(Object(Illuminate\\Http\\Request))
#50 C:\\xampp\\htdocs\\upwork\\monties\\vendor\\laravel\\framework\\src\\Illuminate\\Foundation\\Http\\Kernel.php(175): Illuminate\\Pipeline\\Pipeline->then(Object(Closure))
#51 C:\\xampp\\htdocs\\upwork\\monties\\vendor\\laravel\\framework\\src\\Illuminate\\Foundation\\Http\\Kernel.php(144): Illuminate\\Foundation\\Http\\Kernel->sendRequestThroughRouter(Object(Illuminate\\Http\\Request))
#52 C:\\xampp\\htdocs\\upwork\\monties\\public\\index.php(52): Illuminate\\Foundation\\Http\\Kernel->handle(Object(Illuminate\\Http\\Request))
#53 C:\\xampp\\htdocs\\upwork\\monties\\vendor\\laravel\\framework\\src\\Illuminate\\Foundation\\resources\\server.php(16): require_once('C:\\\\xampp\\\\htdocs...')
#54 {main}
"} 
[2023-11-21 21:15:28] local.ERROR: Attempt to read property "id" on null {"userId":1,"exception":"[object] (ErrorException(code: 0): Attempt to read property \"id\" on null at C:\\xampp\\htdocs\\upwork\\monties\\app\\Http\\Controllers\\PriceManagerController.php:129)
[stacktrace]
#0 C:\\xampp\\htdocs\\upwork\\monties\\vendor\\laravel\\framework\\src\\Illuminate\\Foundation\\Bootstrap\\HandleExceptions.php(254): Illuminate\\Foundation\\Bootstrap\\HandleExceptions->handleError(2, 'Attempt to read...', 'C:\\\\xampp\\\\htdocs...', 129)
#1 C:\\xampp\\htdocs\\upwork\\monties\\app\\Http\\Controllers\\PriceManagerController.php(129): Illuminate\\Foundation\\Bootstrap\\HandleExceptions->Illuminate\\Foundation\\Bootstrap\\{closure}(2, 'Attempt to read...', 'C:\\\\xampp\\\\htdocs...', 129)
#2 C:\\xampp\\htdocs\\upwork\\monties\\vendor\\laravel\\framework\\src\\Illuminate\\Routing\\Controller.php(54): App\\Http\\Controllers\\PriceManagerController->paste(Object(Illuminate\\Http\\Request))
#3 C:\\xampp\\htdocs\\upwork\\monties\\vendor\\laravel\\framework\\src\\Illuminate\\Routing\\ControllerDispatcher.php(43): Illuminate\\Routing\\Controller->callAction('paste', Array)
#4 C:\\xampp\\htdocs\\upwork\\monties\\vendor\\laravel\\framework\\src\\Illuminate\\Routing\\Route.php(260): Illuminate\\Routing\\ControllerDispatcher->dispatch(Object(Illuminate\\Routing\\Route), Object(App\\Http\\Controllers\\PriceManagerController), 'paste')
#5 C:\\xampp\\htdocs\\upwork\\monties\\vendor\\laravel\\framework\\src\\Illuminate\\Routing\\Route.php(205): Illuminate\\Routing\\Route->runController()
#6 C:\\xampp\\htdocs\\upwork\\monties\\vendor\\laravel\\framework\\src\\Illuminate\\Routing\\Router.php(799): Illuminate\\Routing\\Route->run()
#7 C:\\xampp\\htdocs\\upwork\\monties\\vendor\\laravel\\framework\\src\\Illuminate\\Pipeline\\Pipeline.php(141): Illuminate\\Routing\\Router->Illuminate\\Routing\\{closure}(Object(Illuminate\\Http\\Request))
#8 C:\\xampp\\htdocs\\upwork\\monties\\vendor\\laravel\\framework\\src\\Illuminate\\Routing\\Middleware\\SubstituteBindings.php(50): Illuminate\\Pipeline\\Pipeline->Illuminate\\Pipeline\\{closure}(Object(Illuminate\\Http\\Request))
#9 C:\\xampp\\htdocs\\upwork\\monties\\vendor\\laravel\\framework\\src\\Illuminate\\Pipeline\\Pipeline.php(180): Illuminate\\Routing\\Middleware\\SubstituteBindings->handle(Object(Illuminate\\Http\\Request), Object(Closure))
#10 C:\\xampp\\htdocs\\upwork\\monties\\vendor\\laravel\\framework\\src\\Illuminate\\Auth\\Middleware\\Authenticate.php(57): Illuminate\\Pipeline\\Pipeline->Illuminate\\Pipeline\\{closure}(Object(Illuminate\\Http\\Request))
#11 C:\\xampp\\htdocs\\upwork\\monties\\vendor\\laravel\\framework\\src\\Illuminate\\Pipeline\\Pipeline.php(180): Illuminate\\Auth\\Middleware\\Authenticate->handle(Object(Illuminate\\Http\\Request), Object(Closure))
#12 C:\\xampp\\htdocs\\upwork\\monties\\vendor\\laravel\\framework\\src\\Illuminate\\Foundation\\Http\\Middleware\\VerifyCsrfToken.php(78): Illuminate\\Pipeline\\Pipeline->Illuminate\\Pipeline\\{closure}(Object(Illuminate\\Http\\Request))
#13 C:\\xampp\\htdocs\\upwork\\monties\\vendor\\laravel\\framework\\src\\Illuminate\\Pipeline\\Pipeline.php(180): Illuminate\\Foundation\\Http\\Middleware\\VerifyCsrfToken->handle(Object(Illuminate\\Http\\Request), Object(Closure))
#14 C:\\xampp\\htdocs\\upwork\\monties\\vendor\\laravel\\framework\\src\\Illuminate\\View\\Middleware\\ShareErrorsFromSession.php(49): Illuminate\\Pipeline\\Pipeline->Illuminate\\Pipeline\\{closure}(Object(Illuminate\\Http\\Request))
#15 C:\\xampp\\htdocs\\upwork\\monties\\vendor\\laravel\\framework\\src\\Illuminate\\Pipeline\\Pipeline.php(180): Illuminate\\View\\Middleware\\ShareErrorsFromSession->handle(Object(Illuminate\\Http\\Request), Object(Closure))
#16 C:\\xampp\\htdocs\\upwork\\monties\\vendor\\laravel\\framework\\src\\Illuminate\\Session\\Middleware\\StartSession.php(121): Illuminate\\Pipeline\\Pipeline->Illuminate\\Pipeline\\{closure}(Object(Illuminate\\Http\\Request))
#17 C:\\xampp\\htdocs\\upwork\\monties\\vendor\\laravel\\framework\\src\\Illuminate\\Session\\Middleware\\StartSession.php(64): Illuminate\\Session\\Middleware\\StartSession->handleStatefulRequest(Object(Illuminate\\Http\\Request), Object(Illuminate\\Session\\Store), Object(Closure))
#18 C:\\xampp\\htdocs\\upwork\\monties\\vendor\\laravel\\framework\\src\\Illuminate\\Pipeline\\Pipeline.php(180): Illuminate\\Session\\Middleware\\StartSession->handle(Object(Illuminate\\Http\\Request), Object(Closure))
#19 C:\\xampp\\htdocs\\upwork\\monties\\vendor\\laravel\\framework\\src\\Illuminate\\Cookie\\Middleware\\AddQueuedCookiesToResponse.php(37): Illuminate\\Pipeline\\Pipeline->Illuminate\\Pipeline\\{closure}(Object(Illuminate\\Http\\Request))
#20 C:\\xampp\\htdocs\\upwork\\monties\\vendor\\laravel\\framework\\src\\Illuminate\\Pipeline\\Pipeline.php(180): Illuminate\\Cookie\\Middleware\\AddQueuedCookiesToResponse->handle(Object(Illuminate\\Http\\Request), Object(Closure))
#21 C:\\xampp\\htdocs\\upwork\\monties\\vendor\\laravel\\framework\\src\\Illuminate\\Cookie\\Middleware\\EncryptCookies.php(67): Illuminate\\Pipeline\\Pipeline->Illuminate\\Pipeline\\{closure}(Object(Illuminate\\Http\\Request))
#22 C:\\xampp\\htdocs\\upwork\\monties\\vendor\\laravel\\framework\\src\\Illuminate\\Pipeline\\Pipeline.php(180): Illuminate\\Cookie\\Middleware\\EncryptCookies->handle(Object(Illuminate\\Http\\Request), Object(Closure))
#23 C:\\xampp\\htdocs\\upwork\\monties\\vendor\\stancl\\tenancy\\src\\Middleware\\IdentificationMiddleware.php(36): Illuminate\\Pipeline\\Pipeline->Illuminate\\Pipeline\\{closure}(Object(Illuminate\\Http\\Request))
#24 C:\\xampp\\htdocs\\upwork\\monties\\vendor\\stancl\\tenancy\\src\\Middleware\\InitializeTenancyByDomain.php(38): Stancl\\Tenancy\\Middleware\\IdentificationMiddleware->initializeTenancy(Object(Illuminate\\Http\\Request), Object(Closure), 'test.localhost')
#25 C:\\xampp\\htdocs\\upwork\\monties\\vendor\\laravel\\framework\\src\\Illuminate\\Pipeline\\Pipeline.php(180): Stancl\\Tenancy\\Middleware\\InitializeTenancyByDomain->handle(Object(Illuminate\\Http\\Request), Object(Closure))
#26 C:\\xampp\\htdocs\\upwork\\monties\\vendor\\stancl\\tenancy\\src\\Middleware\\PreventAccessFromCentralDomains.php(29): Illuminate\\Pipeline\\Pipeline->Illuminate\\Pipeline\\{closure}(Object(Illuminate\\Http\\Request))
#27 C:\\xampp\\htdocs\\upwork\\monties\\vendor\\laravel\\framework\\src\\Illuminate\\Pipeline\\Pipeline.php(180): Stancl\\Tenancy\\Middleware\\PreventAccessFromCentralDomains->handle(Object(Illuminate\\Http\\Request), Object(Closure))
#28 C:\\xampp\\htdocs\\upwork\\monties\\vendor\\laravel\\framework\\src\\Illuminate\\Pipeline\\Pipeline.php(116): Illuminate\\Pipeline\\Pipeline->Illuminate\\Pipeline\\{closure}(Object(Illuminate\\Http\\Request))
#29 C:\\xampp\\htdocs\\upwork\\monties\\vendor\\laravel\\framework\\src\\Illuminate\\Routing\\Router.php(800): Illuminate\\Pipeline\\Pipeline->then(Object(Closure))
#30 C:\\xampp\\htdocs\\upwork\\monties\\vendor\\laravel\\framework\\src\\Illuminate\\Routing\\Router.php(777): Illuminate\\Routing\\Router->runRouteWithinStack(Object(Illuminate\\Routing\\Route), Object(Illuminate\\Http\\Request))
#31 C:\\xampp\\htdocs\\upwork\\monties\\vendor\\laravel\\framework\\src\\Illuminate\\Routing\\Router.php(741): Illuminate\\Routing\\Router->runRoute(Object(Illuminate\\Http\\Request), Object(Illuminate\\Routing\\Route))
#32 C:\\xampp\\htdocs\\upwork\\monties\\vendor\\laravel\\framework\\src\\Illuminate\\Routing\\Router.php(730): Illuminate\\Routing\\Router->dispatchToRoute(Object(Illuminate\\Http\\Request))
#33 C:\\xampp\\htdocs\\upwork\\monties\\vendor\\laravel\\framework\\src\\Illuminate\\Foundation\\Http\\Kernel.php(200): Illuminate\\Routing\\Router->dispatch(Object(Illuminate\\Http\\Request))
#34 C:\\xampp\\htdocs\\upwork\\monties\\vendor\\laravel\\framework\\src\\Illuminate\\Pipeline\\Pipeline.php(141): Illuminate\\Foundation\\Http\\Kernel->Illuminate\\Foundation\\Http\\{closure}(Object(Illuminate\\Http\\Request))
#35 C:\\xampp\\htdocs\\upwork\\monties\\vendor\\laravel\\framework\\src\\Illuminate\\Foundation\\Http\\Middleware\\TransformsRequest.php(21): Illuminate\\Pipeline\\Pipeline->Illuminate\\Pipeline\\{closure}(Object(Illuminate\\Http\\Request))
#36 C:\\xampp\\htdocs\\upwork\\monties\\vendor\\laravel\\framework\\src\\Illuminate\\Foundation\\Http\\Middleware\\ConvertEmptyStringsToNull.php(31): Illuminate\\Foundation\\Http\\Middleware\\TransformsRequest->handle(Object(Illuminate\\Http\\Request), Object(Closure))
#37 C:\\xampp\\htdocs\\upwork\\monties\\vendor\\laravel\\framework\\src\\Illuminate\\Pipeline\\Pipeline.php(180): Illuminate\\Foundation\\Http\\Middleware\\ConvertEmptyStringsToNull->handle(Object(Illuminate\\Http\\Request), Object(Closure))
#38 C:\\xampp\\htdocs\\upwork\\monties\\vendor\\laravel\\framework\\src\\Illuminate\\Foundation\\Http\\Middleware\\TransformsRequest.php(21): Illuminate\\Pipeline\\Pipeline->Illuminate\\Pipeline\\{closure}(Object(Illuminate\\Http\\Request))
#39 C:\\xampp\\htdocs\\upwork\\monties\\vendor\\laravel\\framework\\src\\Illuminate\\Foundation\\Http\\Middleware\\TrimStrings.php(40): Illuminate\\Foundation\\Http\\Middleware\\TransformsRequest->handle(Object(Illuminate\\Http\\Request), Object(Closure))
#40 C:\\xampp\\htdocs\\upwork\\monties\\vendor\\laravel\\framework\\src\\Illuminate\\Pipeline\\Pipeline.php(180): Illuminate\\Foundation\\Http\\Middleware\\TrimStrings->handle(Object(Illuminate\\Http\\Request), Object(Closure))
#41 C:\\xampp\\htdocs\\upwork\\monties\\vendor\\laravel\\framework\\src\\Illuminate\\Foundation\\Http\\Middleware\\ValidatePostSize.php(27): Illuminate\\Pipeline\\Pipeline->Illuminate\\Pipeline\\{closure}(Object(Illuminate\\Http\\Request))
#42 C:\\xampp\\htdocs\\upwork\\monties\\vendor\\laravel\\framework\\src\\Illuminate\\Pipeline\\Pipeline.php(180): Illuminate\\Foundation\\Http\\Middleware\\ValidatePostSize->handle(Object(Illuminate\\Http\\Request), Object(Closure))
#43 C:\\xampp\\htdocs\\upwork\\monties\\vendor\\laravel\\framework\\src\\Illuminate\\Foundation\\Http\\Middleware\\PreventRequestsDuringMaintenance.php(99): Illuminate\\Pipeline\\Pipeline->Illuminate\\Pipeline\\{closure}(Object(Illuminate\\Http\\Request))
#44 C:\\xampp\\htdocs\\upwork\\monties\\vendor\\laravel\\framework\\src\\Illuminate\\Pipeline\\Pipeline.php(180): Illuminate\\Foundation\\Http\\Middleware\\PreventRequestsDuringMaintenance->handle(Object(Illuminate\\Http\\Request), Object(Closure))
#45 C:\\xampp\\htdocs\\upwork\\monties\\vendor\\laravel\\framework\\src\\Illuminate\\Http\\Middleware\\HandleCors.php(49): Illuminate\\Pipeline\\Pipeline->Illuminate\\Pipeline\\{closure}(Object(Illuminate\\Http\\Request))
#46 C:\\xampp\\htdocs\\upwork\\monties\\vendor\\laravel\\framework\\src\\Illuminate\\Pipeline\\Pipeline.php(180): Illuminate\\Http\\Middleware\\HandleCors->handle(Object(Illuminate\\Http\\Request), Object(Closure))
#47 C:\\xampp\\htdocs\\upwork\\monties\\vendor\\laravel\\framework\\src\\Illuminate\\Http\\Middleware\\TrustProxies.php(39): Illuminate\\Pipeline\\Pipeline->Illuminate\\Pipeline\\{closure}(Object(Illuminate\\Http\\Request))
#48 C:\\xampp\\htdocs\\upwork\\monties\\vendor\\laravel\\framework\\src\\Illuminate\\Pipeline\\Pipeline.php(180): Illuminate\\Http\\Middleware\\TrustProxies->handle(Object(Illuminate\\Http\\Request), Object(Closure))
#49 C:\\xampp\\htdocs\\upwork\\monties\\vendor\\laravel\\framework\\src\\Illuminate\\Pipeline\\Pipeline.php(116): Illuminate\\Pipeline\\Pipeline->Illuminate\\Pipeline\\{closure}(Object(Illuminate\\Http\\Request))
#50 C:\\xampp\\htdocs\\upwork\\monties\\vendor\\laravel\\framework\\src\\Illuminate\\Foundation\\Http\\Kernel.php(175): Illuminate\\Pipeline\\Pipeline->then(Object(Closure))
#51 C:\\xampp\\htdocs\\upwork\\monties\\vendor\\laravel\\framework\\src\\Illuminate\\Foundation\\Http\\Kernel.php(144): Illuminate\\Foundation\\Http\\Kernel->sendRequestThroughRouter(Object(Illuminate\\Http\\Request))
#52 C:\\xampp\\htdocs\\upwork\\monties\\public\\index.php(52): Illuminate\\Foundation\\Http\\Kernel->handle(Object(Illuminate\\Http\\Request))
#53 C:\\xampp\\htdocs\\upwork\\monties\\vendor\\laravel\\framework\\src\\Illuminate\\Foundation\\resources\\server.php(16): require_once('C:\\\\xampp\\\\htdocs...')
#54 {main}
"} 
